[     299ms] [INFO] %cDownload the React DevTools for a better development experience: https://react.dev/link/react-devtools font-weight:bold @ http://localhost:5174/MyPortfolio/node_modules/.vite/deps/react-dom_client.js?v=bfba221a:17984
[     327ms] [LOG] HamburgerMenu render: {isOpen: true, isMobile: false, onToggle: true} @ http://localhost:5174/MyPortfolio/src/components/HamburgerMenu.jsx:19
[     329ms] [LOG] HamburgerMenu render: {isOpen: true, isMobile: false, onToggle: true} @ http://localhost:5174/MyPortfolio/src/components/HamburgerMenu.jsx:19
[     348ms] [ERROR] Using UNSAFE_componentWillMount in strict mode is not recommended and may indicate bugs in your code. See https://react.dev/link/unsafe-component-lifecycles for details.

* Move code with side effects to componentDidMount, and set initial state in the constructor.

Please update the following components: %s SideEffect(NullComponent2) @ http://localhost:5174/MyPortfolio/node_modules/.vite/deps/react-dom_client.js?v=bfba221a:16350
[     396ms] [LOG] Mobile check: {windowWidth: 1502, isMobile: false} @ http://localhost:5174/MyPortfolio/src/components/Layout.jsx:33
[     398ms] [LOG] Mobile check: {windowWidth: 1502, isMobile: false} @ http://localhost:5174/MyPortfolio/src/components/Layout.jsx:33
[     463ms] ReferenceError: breakpoints is not defined
    at http://localhost:5174/MyPortfolio/assets/js/main.js:14:3
    at http://localhost:5174/MyPortfolio/assets/js/main.js:262:3
[     463ms] ReferenceError: breakpoints is not defined
    at http://localhost:5174/MyPortfolio/assets/js/main.js:14:3
    at http://localhost:5174/MyPortfolio/assets/js/main.js:262:3
[    3662ms] [LOG] Mobile check: {windowWidth: 749, isMobile: true} @ http://localhost:5174/MyPortfolio/src/components/Layout.jsx:33
[    3664ms] [LOG] HamburgerMenu render: {isOpen: false, isMobile: true, onToggle: true} @ http://localhost:5174/MyPortfolio/src/components/HamburgerMenu.jsx:19
[    3664ms] [LOG] HamburgerMenu render: {isOpen: false, isMobile: true, onToggle: true} @ http://localhost:5174/MyPortfolio/src/components/HamburgerMenu.jsx:19
[    3700ms] [LOG] Mobile check: {windowWidth: 749, isMobile: true} @ http://localhost:5174/MyPortfolio/src/components/Layout.jsx:33
[    4177ms] [LOG] Mobile check: {windowWidth: 749, isMobile: true} @ http://localhost:5174/MyPortfolio/src/components/Layout.jsx:33
[    7138ms] [LOG] Mobile check: {windowWidth: 754, isMobile: true} @ http://localhost:5174/MyPortfolio/src/components/Layout.jsx:33
[    7169ms] [LOG] Mobile check: {windowWidth: 1502, isMobile: false} @ http://localhost:5174/MyPortfolio/src/components/Layout.jsx:33
[    7170ms] [LOG] HamburgerMenu render: {isOpen: true, isMobile: false, onToggle: true} @ http://localhost:5174/MyPortfolio/src/components/HamburgerMenu.jsx:19
[    7170ms] [LOG] HamburgerMenu render: {isOpen: true, isMobile: false, onToggle: true} @ http://localhost:5174/MyPortfolio/src/components/HamburgerMenu.jsx:19
[   13595ms] [ERROR] Received `%s` for a non-boolean attribute `%s`.

If you want to write it to the DOM, pass a string instead: %s="%s" or %s={value.toString()}. true jsx jsx true jsx @ http://localhost:5174/MyPortfolio/node_modules/.vite/deps/react-dom_client.js?v=bfba221a:2470
[   13595ms] [ERROR] Received `%s` for a non-boolean attribute `%s`.

If you want to write it to the DOM, pass a string instead: %s="%s" or %s={value.toString()}. true global global true global @ http://localhost:5174/MyPortfolio/node_modules/.vite/deps/react-dom_client.js?v=bfba221a:2470
[   15946ms] [LOG] Mobile check: {windowWidth: 749, isMobile: true} @ http://localhost:5174/MyPortfolio/src/components/Layout.jsx:33
[   15947ms] [LOG] HamburgerMenu render: {isOpen: false, isMobile: true, onToggle: true} @ http://localhost:5174/MyPortfolio/src/components/HamburgerMenu.jsx:19
[   15947ms] [LOG] HamburgerMenu render: {isOpen: false, isMobile: true, onToggle: true} @ http://localhost:5174/MyPortfolio/src/components/HamburgerMenu.jsx:19
[   22330ms] [LOG] Mobile check: {windowWidth: 754, isMobile: true} @ http://localhost:5174/MyPortfolio/src/components/Layout.jsx:33
[   22363ms] [LOG] Mobile check: {windowWidth: 1502, isMobile: false} @ http://localhost:5174/MyPortfolio/src/components/Layout.jsx:33
[   22363ms] [LOG] HamburgerMenu render: {isOpen: true, isMobile: false, onToggle: true} @ http://localhost:5174/MyPortfolio/src/components/HamburgerMenu.jsx:19
[   22363ms] [LOG] HamburgerMenu render: {isOpen: true, isMobile: false, onToggle: true} @ http://localhost:5174/MyPortfolio/src/components/HamburgerMenu.jsx:19
[   26766ms] [LOG] Mobile check: {windowWidth: 749, isMobile: true} @ http://localhost:5174/MyPortfolio/src/components/Layout.jsx:33
[   26767ms] [LOG] HamburgerMenu render: {isOpen: false, isMobile: true, onToggle: true} @ http://localhost:5174/MyPortfolio/src/components/HamburgerMenu.jsx:19
[   26767ms] [LOG] HamburgerMenu render: {isOpen: false, isMobile: true, onToggle: true} @ http://localhost:5174/MyPortfolio/src/components/HamburgerMenu.jsx:19
[   30560ms] [LOG] Mobile check: {windowWidth: 754, isMobile: true} @ http://localhost:5174/MyPortfolio/src/components/Layout.jsx:33
[   30577ms] [LOG] Mobile check: {windowWidth: 1502, isMobile: false} @ http://localhost:5174/MyPortfolio/src/components/Layout.jsx:33
[   30578ms] [LOG] HamburgerMenu render: {isOpen: true, isMobile: false, onToggle: true} @ http://localhost:5174/MyPortfolio/src/components/HamburgerMenu.jsx:19
[   30578ms] [LOG] HamburgerMenu render: {isOpen: true, isMobile: false, onToggle: true} @ http://localhost:5174/MyPortfolio/src/components/HamburgerMenu.jsx:19
[   36259ms] [LOG] Mobile check: {windowWidth: 749, isMobile: true} @ http://localhost:5174/MyPortfolio/src/components/Layout.jsx:33
[   36260ms] [LOG] HamburgerMenu render: {isOpen: false, isMobile: true, onToggle: true} @ http://localhost:5174/MyPortfolio/src/components/HamburgerMenu.jsx:19
[   36260ms] [LOG] HamburgerMenu render: {isOpen: false, isMobile: true, onToggle: true} @ http://localhost:5174/MyPortfolio/src/components/HamburgerMenu.jsx:19
[   37347ms] [LOG] Mobile check: {windowWidth: 754, isMobile: true} @ http://localhost:5174/MyPortfolio/src/components/Layout.jsx:33
[   37368ms] [LOG] Mobile check: {windowWidth: 1502, isMobile: false} @ http://localhost:5174/MyPortfolio/src/components/Layout.jsx:33
[   37368ms] [LOG] HamburgerMenu render: {isOpen: true, isMobile: false, onToggle: true} @ http://localhost:5174/MyPortfolio/src/components/HamburgerMenu.jsx:19
[   37369ms] [LOG] HamburgerMenu render: {isOpen: true, isMobile: false, onToggle: true} @ http://localhost:5174/MyPortfolio/src/components/HamburgerMenu.jsx:19
[   46461ms] [LOG] Mobile check: {windowWidth: 749, isMobile: true} @ http://localhost:5174/MyPortfolio/src/components/Layout.jsx:33
[   46462ms] [LOG] HamburgerMenu render: {isOpen: false, isMobile: true, onToggle: true} @ http://localhost:5174/MyPortfolio/src/components/HamburgerMenu.jsx:19
[   46462ms] [LOG] HamburgerMenu render: {isOpen: false, isMobile: true, onToggle: true} @ http://localhost:5174/MyPortfolio/src/components/HamburgerMenu.jsx:19
[   54641ms] [LOG] Mobile check: {windowWidth: 754, isMobile: true} @ http://localhost:5174/MyPortfolio/src/components/Layout.jsx:33
[   54665ms] [LOG] Mobile check: {windowWidth: 1502, isMobile: false} @ http://localhost:5174/MyPortfolio/src/components/Layout.jsx:33
[   54665ms] [LOG] HamburgerMenu render: {isOpen: true, isMobile: false, onToggle: true} @ http://localhost:5174/MyPortfolio/src/components/HamburgerMenu.jsx:19
[   54666ms] [LOG] HamburgerMenu render: {isOpen: true, isMobile: false, onToggle: true} @ http://localhost:5174/MyPortfolio/src/components/HamburgerMenu.jsx:19
[   58866ms] [LOG] Mobile check: {windowWidth: 749, isMobile: true} @ http://localhost:5174/MyPortfolio/src/components/Layout.jsx:33
[   58866ms] [LOG] HamburgerMenu render: {isOpen: false, isMobile: true, onToggle: true} @ http://localhost:5174/MyPortfolio/src/components/HamburgerMenu.jsx:19
[   58866ms] [LOG] HamburgerMenu render: {isOpen: false, isMobile: true, onToggle: true} @ http://localhost:5174/MyPortfolio/src/components/HamburgerMenu.jsx:19
[   67670ms] [LOG] Mobile check: {windowWidth: 1440, isMobile: false} @ http://localhost:5174/MyPortfolio/src/components/Layout.jsx:33
[   67670ms] [LOG] HamburgerMenu render: {isOpen: true, isMobile: false, onToggle: true} @ http://localhost:5174/MyPortfolio/src/components/HamburgerMenu.jsx:19
[   67671ms] [LOG] HamburgerMenu render: {isOpen: true, isMobile: false, onToggle: true} @ http://localhost:5174/MyPortfolio/src/components/HamburgerMenu.jsx:19
