[     378ms] [INFO] %cDownload the React DevTools for a better development experience: https://react.dev/link/react-devtools font-weight:bold @ http://localhost:5174/MyPortfolio/node_modules/.vite/deps/react-dom_client.js?v=bfba221a:17984
[     399ms] [LOG] HamburgerMenu render: {isOpen: true, isMobile: false, onToggle: true} @ http://localhost:5174/MyPortfolio/src/components/HamburgerMenu.jsx:19
[     400ms] [LOG] HamburgerMenu render: {isOpen: true, isMobile: false, onToggle: true} @ http://localhost:5174/MyPortfolio/src/components/HamburgerMenu.jsx:19
[     414ms] [ERROR] Using UNSAFE_componentWillMount in strict mode is not recommended and may indicate bugs in your code. See https://react.dev/link/unsafe-component-lifecycles for details.

* Move code with side effects to componentDidMount, and set initial state in the constructor.

Please update the following components: %s SideEffect(NullComponent2) @ http://localhost:5174/MyPortfolio/node_modules/.vite/deps/react-dom_client.js?v=bfba221a:16350
[     445ms] [LOG] Mobile check: {windowWidth: 1490, isMobile: false} @ http://localhost:5174/MyPortfolio/src/components/Layout.jsx:33
[     450ms] [LOG] Mobile check: {windowWidth: 1490, isMobile: false} @ http://localhost:5174/MyPortfolio/src/components/Layout.jsx:33
[     523ms] ReferenceError: jQuery is not defined
    at http://localhost:5174/MyPortfolio/assets/js/util.js:587:4
[     523ms] ReferenceError: jQuery is not defined
    at http://localhost:5174/MyPortfolio/assets/js/util.js:587:4
[    1018ms] [LOG] Mobile check: {windowWidth: 1502, isMobile: false} @ http://localhost:5174/MyPortfolio/src/components/Layout.jsx:33
[    4536ms] [LOG] Mobile check: {windowWidth: 1, isMobile: true} @ http://localhost:5174/MyPortfolio/src/components/Layout.jsx:33
[    4539ms] [LOG] HamburgerMenu render: {isOpen: false, isMobile: true, onToggle: true} @ http://localhost:5174/MyPortfolio/src/components/HamburgerMenu.jsx:19
[    4539ms] [LOG] HamburgerMenu render: {isOpen: false, isMobile: true, onToggle: true} @ http://localhost:5174/MyPortfolio/src/components/HamburgerMenu.jsx:19
[    4554ms] [LOG] Mobile check: {windowWidth: 1502, isMobile: false} @ http://localhost:5174/MyPortfolio/src/components/Layout.jsx:33
[    4561ms] [LOG] HamburgerMenu render: {isOpen: true, isMobile: false, onToggle: true} @ http://localhost:5174/MyPortfolio/src/components/HamburgerMenu.jsx:19
[    4562ms] [LOG] HamburgerMenu render: {isOpen: true, isMobile: false, onToggle: true} @ http://localhost:5174/MyPortfolio/src/components/HamburgerMenu.jsx:19
[  226163ms] [LOG] Mobile check: {windowWidth: 1502, isMobile: false} @ http://localhost:5174/MyPortfolio/src/components/Layout.jsx:33
[  226642ms] [LOG] Mobile check: {windowWidth: 749, isMobile: true} @ http://localhost:5174/MyPortfolio/src/components/Layout.jsx:33
[  226643ms] [LOG] HamburgerMenu render: {isOpen: false, isMobile: true, onToggle: true} @ http://localhost:5174/MyPortfolio/src/components/HamburgerMenu.jsx:19
[  226643ms] [LOG] HamburgerMenu render: {isOpen: false, isMobile: true, onToggle: true} @ http://localhost:5174/MyPortfolio/src/components/HamburgerMenu.jsx:19
[  227034ms] [LOG] Mobile check: {windowWidth: 749, isMobile: true} @ http://localhost:5174/MyPortfolio/src/components/Layout.jsx:33
